Analysis & Synthesis report for CPU
Mon Apr  2 17:08:19 2018
Quartus II 64-Bit Version 13.0.1 Build 232 06/12/2013 Service Pack 1 SJ Web Edition


---------------------
; Table of Contents ;
---------------------
  1. Legal Notice
  2. Analysis & Synthesis Summary
  3. Analysis & Synthesis Settings
  4. Parallel Compilation
  5. Analysis & Synthesis Source Files Read
  6. Analysis & Synthesis Resource Usage Summary
  7. Analysis & Synthesis Resource Utilization by Entity
  8. State Machine - |CPU_test|CPU:Proc|ControlUnit:cu|actual_state
  9. Registers Removed During Synthesis
 10. General Register Statistics
 11. Parameter Settings for User Entity Instance: CPU:Proc|reg_n:reg_ir
 12. Parameter Settings for User Entity Instance: CPU:Proc|reg_n:reg_0
 13. Parameter Settings for User Entity Instance: CPU:Proc|reg_n:reg_1
 14. Parameter Settings for User Entity Instance: CPU:Proc|reg_n:reg_2
 15. Parameter Settings for User Entity Instance: CPU:Proc|reg_n:reg_3
 16. Parameter Settings for User Entity Instance: CPU:Proc|reg_n:reg_4
 17. Parameter Settings for User Entity Instance: CPU:Proc|reg_n:reg_5
 18. Parameter Settings for User Entity Instance: CPU:Proc|reg_n:reg_6
 19. Parameter Settings for User Entity Instance: CPU:Proc|reg_n:reg_7
 20. Parameter Settings for User Entity Instance: CPU:Proc|reg_n:A
 21. Parameter Settings for User Entity Instance: CPU:Proc|add_sub:ALU|add_n:add
 22. Parameter Settings for User Entity Instance: CPU:Proc|add_sub:ALU|substractor_nbits:sub
 23. Parameter Settings for User Entity Instance: CPU:Proc|reg_n:G
 24. Port Connectivity Checks: "CPU:Proc|reg_n:G"
 25. Port Connectivity Checks: "CPU:Proc|add_sub:ALU|substractor_nbits:sub"
 26. Port Connectivity Checks: "CPU:Proc|add_sub:ALU|add_n:add"
 27. Port Connectivity Checks: "CPU:Proc|add_sub:ALU"
 28. Port Connectivity Checks: "CPU:Proc|reg_n:A"
 29. Port Connectivity Checks: "CPU:Proc|reg_n:reg_7"
 30. Port Connectivity Checks: "CPU:Proc|reg_n:reg_6"
 31. Port Connectivity Checks: "CPU:Proc|reg_n:reg_5"
 32. Port Connectivity Checks: "CPU:Proc|reg_n:reg_4"
 33. Port Connectivity Checks: "CPU:Proc|reg_n:reg_3"
 34. Port Connectivity Checks: "CPU:Proc|reg_n:reg_2"
 35. Port Connectivity Checks: "CPU:Proc|reg_n:reg_1"
 36. Port Connectivity Checks: "CPU:Proc|reg_n:reg_0"
 37. Port Connectivity Checks: "CPU:Proc|reg_n:reg_ir"
 38. Elapsed Time Per Partition
 39. Analysis & Synthesis Messages



----------------
; Legal Notice ;
----------------
Copyright (C) 1991-2013 Altera Corporation
Your use of Altera Corporation's design tools, logic functions 
and other software and tools, and its AMPP partner logic 
functions, and any output files from any of the foregoing 
(including device programming or simulation files), and any 
associated documentation or information are expressly subject 
to the terms and conditions of the Altera Program License 
Subscription Agreement, Altera MegaCore Function License 
Agreement, or other applicable license agreement, including, 
without limitation, that your use is for the sole purpose of 
programming logic devices manufactured by Altera and sold by 
Altera or its authorized distributors.  Please refer to the 
applicable agreement for further details.



+--------------------------------------------------------------------------------------+
; Analysis & Synthesis Summary                                                         ;
+------------------------------------+-------------------------------------------------+
; Analysis & Synthesis Status        ; Successful - Mon Apr  2 17:08:19 2018           ;
; Quartus II 64-Bit Version          ; 13.0.1 Build 232 06/12/2013 SP 1 SJ Web Edition ;
; Revision Name                      ; CPU                                             ;
; Top-level Entity Name              ; CPU_test                                        ;
; Family                             ; Cyclone II                                      ;
; Total logic elements               ; 5                                               ;
;     Total combinational functions  ; 3                                               ;
;     Dedicated logic registers      ; 5                                               ;
; Total registers                    ; 5                                               ;
; Total pins                         ; 40                                              ;
; Total virtual pins                 ; 0                                               ;
; Total memory bits                  ; 0                                               ;
; Embedded Multiplier 9-bit elements ; 0                                               ;
; Total PLLs                         ; 0                                               ;
+------------------------------------+-------------------------------------------------+


+----------------------------------------------------------------------------------------------------------------------+
; Analysis & Synthesis Settings                                                                                        ;
+----------------------------------------------------------------------------+--------------------+--------------------+
; Option                                                                     ; Setting            ; Default Value      ;
+----------------------------------------------------------------------------+--------------------+--------------------+
; Device                                                                     ; EP2C35F672C6       ;                    ;
; Top-level entity name                                                      ; CPU_test           ; CPU                ;
; Family name                                                                ; Cyclone II         ; Cyclone IV GX      ;
; Use smart compilation                                                      ; Off                ; Off                ;
; Enable parallel Assembler and TimeQuest Timing Analyzer during compilation ; On                 ; On                 ;
; Enable compact report table                                                ; Off                ; Off                ;
; Restructure Multiplexers                                                   ; Auto               ; Auto               ;
; Create Debugging Nodes for IP Cores                                        ; Off                ; Off                ;
; Preserve fewer node names                                                  ; On                 ; On                 ;
; Disable OpenCore Plus hardware evaluation                                  ; Off                ; Off                ;
; Verilog Version                                                            ; Verilog_2001       ; Verilog_2001       ;
; VHDL Version                                                               ; VHDL_1993          ; VHDL_1993          ;
; State Machine Processing                                                   ; Auto               ; Auto               ;
; Safe State Machine                                                         ; Off                ; Off                ;
; Extract Verilog State Machines                                             ; On                 ; On                 ;
; Extract VHDL State Machines                                                ; On                 ; On                 ;
; Ignore Verilog initial constructs                                          ; Off                ; Off                ;
; Iteration limit for constant Verilog loops                                 ; 5000               ; 5000               ;
; Iteration limit for non-constant Verilog loops                             ; 250                ; 250                ;
; Add Pass-Through Logic to Inferred RAMs                                    ; On                 ; On                 ;
; Infer RAMs from Raw Logic                                                  ; On                 ; On                 ;
; Parallel Synthesis                                                         ; On                 ; On                 ;
; DSP Block Balancing                                                        ; Auto               ; Auto               ;
; NOT Gate Push-Back                                                         ; On                 ; On                 ;
; Power-Up Don't Care                                                        ; On                 ; On                 ;
; Remove Redundant Logic Cells                                               ; Off                ; Off                ;
; Remove Duplicate Registers                                                 ; On                 ; On                 ;
; Ignore CARRY Buffers                                                       ; Off                ; Off                ;
; Ignore CASCADE Buffers                                                     ; Off                ; Off                ;
; Ignore GLOBAL Buffers                                                      ; Off                ; Off                ;
; Ignore ROW GLOBAL Buffers                                                  ; Off                ; Off                ;
; Ignore LCELL Buffers                                                       ; Off                ; Off                ;
; Ignore SOFT Buffers                                                        ; On                 ; On                 ;
; Limit AHDL Integers to 32 Bits                                             ; Off                ; Off                ;
; Optimization Technique                                                     ; Balanced           ; Balanced           ;
; Carry Chain Length                                                         ; 70                 ; 70                 ;
; Auto Carry Chains                                                          ; On                 ; On                 ;
; Auto Open-Drain Pins                                                       ; On                 ; On                 ;
; Perform WYSIWYG Primitive Resynthesis                                      ; Off                ; Off                ;
; Auto ROM Replacement                                                       ; On                 ; On                 ;
; Auto RAM Replacement                                                       ; On                 ; On                 ;
; Auto Shift Register Replacement                                            ; Auto               ; Auto               ;
; Allow Shift Register Merging across Hierarchies                            ; Auto               ; Auto               ;
; Auto Clock Enable Replacement                                              ; On                 ; On                 ;
; Strict RAM Replacement                                                     ; Off                ; Off                ;
; Allow Synchronous Control Signals                                          ; On                 ; On                 ;
; Force Use of Synchronous Clear Signals                                     ; Off                ; Off                ;
; Auto RAM to Logic Cell Conversion                                          ; Off                ; Off                ;
; Auto Resource Sharing                                                      ; Off                ; Off                ;
; Allow Any RAM Size For Recognition                                         ; Off                ; Off                ;
; Allow Any ROM Size For Recognition                                         ; Off                ; Off                ;
; Allow Any Shift Register Size For Recognition                              ; Off                ; Off                ;
; Use LogicLock Constraints during Resource Balancing                        ; On                 ; On                 ;
; Ignore translate_off and synthesis_off directives                          ; Off                ; Off                ;
; Timing-Driven Synthesis                                                    ; Off                ; Off                ;
; Report Parameter Settings                                                  ; On                 ; On                 ;
; Report Source Assignments                                                  ; On                 ; On                 ;
; Report Connectivity Checks                                                 ; On                 ; On                 ;
; Ignore Maximum Fan-Out Assignments                                         ; Off                ; Off                ;
; Synchronization Register Chain Length                                      ; 2                  ; 2                  ;
; PowerPlay Power Optimization                                               ; Normal compilation ; Normal compilation ;
; HDL message level                                                          ; Level2             ; Level2             ;
; Suppress Register Optimization Related Messages                            ; Off                ; Off                ;
; Number of Removed Registers Reported in Synthesis Report                   ; 5000               ; 5000               ;
; Number of Swept Nodes Reported in Synthesis Report                         ; 5000               ; 5000               ;
; Number of Inverted Registers Reported in Synthesis Report                  ; 100                ; 100                ;
; Clock MUX Protection                                                       ; On                 ; On                 ;
; Auto Gated Clock Conversion                                                ; Off                ; Off                ;
; Block Design Naming                                                        ; Auto               ; Auto               ;
; SDC constraint protection                                                  ; Off                ; Off                ;
; Synthesis Effort                                                           ; Auto               ; Auto               ;
; Shift Register Replacement - Allow Asynchronous Clear Signal               ; On                 ; On                 ;
; Pre-Mapping Resynthesis Optimization                                       ; Off                ; Off                ;
; Analysis & Synthesis Message Level                                         ; Medium             ; Medium             ;
; Disable Register Merging Across Hierarchies                                ; Auto               ; Auto               ;
; Resource Aware Inference For Block RAM                                     ; On                 ; On                 ;
; Synthesis Seed                                                             ; 1                  ; 1                  ;
+----------------------------------------------------------------------------+--------------------+--------------------+


Parallel compilation was disabled, but you have multiple processors available. Enable parallel compilation to reduce compilation time.
+-------------------------------------+
; Parallel Compilation                ;
+----------------------------+--------+
; Processors                 ; Number ;
+----------------------------+--------+
; Number detected on machine ; 2      ;
; Maximum allowed            ; 1      ;
+----------------------------+--------+


+-------------------------------------------------------------------------------------------------------------------------------------------+
; Analysis & Synthesis Source Files Read                                                                                                    ;
+----------------------------------+-----------------+-----------------+----------------------------------------------------------+---------+
; File Name with User-Entered Path ; Used in Netlist ; File Type       ; File Name with Absolute Path                             ; Library ;
+----------------------------------+-----------------+-----------------+----------------------------------------------------------+---------+
; ControlUnit.vhdl                 ; yes             ; User VHDL File  ; /home/parallels/Documents/CPU_16b/ControlUnit.vhdl       ;         ;
; CPU.vhdl                         ; yes             ; User VHDL File  ; /home/parallels/Documents/CPU_16b/CPU.vhdl               ;         ;
; CPU_test.vhdl                    ; yes             ; User VHDL File  ; /home/parallels/Documents/CPU_16b/CPU_test.vhdl          ;         ;
; add_2v1.vhd                      ; yes             ; User VHDL File  ; /home/parallels/Documents/CPU_16b/add_2v1.vhd            ;         ;
; add_n.vhd                        ; yes             ; User VHDL File  ; /home/parallels/Documents/CPU_16b/add_n.vhd              ;         ;
; substractor_2v1bit.vhd           ; yes             ; User VHDL File  ; /home/parallels/Documents/CPU_16b/substractor_2v1bit.vhd ;         ;
; substractor_nbits.vhd            ; yes             ; User VHDL File  ; /home/parallels/Documents/CPU_16b/substractor_nbits.vhd  ;         ;
; add_sub.vhd                      ; yes             ; User VHDL File  ; /home/parallels/Documents/CPU_16b/add_sub.vhd            ;         ;
; reg_n.vhd                        ; yes             ; User VHDL File  ; /home/parallels/Documents/CPU_16b/reg_n.vhd              ;         ;
; mux.vhd                          ; yes             ; User VHDL File  ; /home/parallels/Documents/CPU_16b/mux.vhd                ;         ;
+----------------------------------+-----------------+-----------------+----------------------------------------------------------+---------+


+------------------------------------------------------+
; Analysis & Synthesis Resource Usage Summary          ;
+---------------------------------------------+--------+
; Resource                                    ; Usage  ;
+---------------------------------------------+--------+
; Estimated Total logic elements              ; 5      ;
;                                             ;        ;
; Total combinational functions               ; 3      ;
; Logic element usage by number of LUT inputs ;        ;
;     -- 4 input functions                    ; 0      ;
;     -- 3 input functions                    ; 1      ;
;     -- <=2 input functions                  ; 2      ;
;                                             ;        ;
; Logic elements by mode                      ;        ;
;     -- normal mode                          ; 3      ;
;     -- arithmetic mode                      ; 0      ;
;                                             ;        ;
; Total registers                             ; 5      ;
;     -- Dedicated logic registers            ; 5      ;
;     -- I/O registers                        ; 0      ;
;                                             ;        ;
; I/O pins                                    ; 40     ;
; Embedded Multiplier 9-bit elements          ; 0      ;
; Maximum fan-out node                        ; KEY[1] ;
; Maximum fan-out                             ; 5      ;
; Total fan-out                               ; 22     ;
; Average fan-out                             ; 0.46   ;
+---------------------------------------------+--------+


+-------------------------------------------------------------------------------------------------------------------------------------------------------------------------------------------+
; Analysis & Synthesis Resource Utilization by Entity                                                                                                                                       ;
+----------------------------+-------------------+--------------+-------------+--------------+---------+-----------+------+--------------+-----------------------------------+--------------+
; Compilation Hierarchy Node ; LC Combinationals ; LC Registers ; Memory Bits ; DSP Elements ; DSP 9x9 ; DSP 18x18 ; Pins ; Virtual Pins ; Full Hierarchy Name               ; Library Name ;
+----------------------------+-------------------+--------------+-------------+--------------+---------+-----------+------+--------------+-----------------------------------+--------------+
; |CPU_test                  ; 3 (0)             ; 5 (0)        ; 0           ; 0            ; 0       ; 0         ; 40   ; 0            ; |CPU_test                         ; work         ;
;    |CPU:Proc|              ; 3 (0)             ; 5 (0)        ; 0           ; 0            ; 0       ; 0         ; 0    ; 0            ; |CPU_test|CPU:Proc                ; work         ;
;       |ControlUnit:cu|     ; 3 (3)             ; 5 (5)        ; 0           ; 0            ; 0       ; 0         ; 0    ; 0            ; |CPU_test|CPU:Proc|ControlUnit:cu ; work         ;
+----------------------------+-------------------+--------------+-------------+--------------+---------+-----------+------+--------------+-----------------------------------+--------------+
Note: For table entries with two numbers listed, the numbers in parentheses indicate the number of resources of the given type used by the specific entity alone. The numbers listed outside of parentheses indicate the total resources of the given type used by the specific entity and all of its sub-entities in the hierarchy.


Encoding Type:  One-Hot
+---------------------------------------------------------------------------------------------------------------------------------------------------------+
; State Machine - |CPU_test|CPU:Proc|ControlUnit:cu|actual_state                                                                                          ;
+-------------------+-------------------+-------------------+-------------------+------------------+-----------------+------------------+-----------------+
; Name              ; actual_state.ALU2 ; actual_state.ALU1 ; actual_state.ALU0 ; actual_state.MVI ; actual_state.MV ; actual_state.DON ; actual_state.IR ;
+-------------------+-------------------+-------------------+-------------------+------------------+-----------------+------------------+-----------------+
; actual_state.IR   ; 0                 ; 0                 ; 0                 ; 0                ; 0               ; 0                ; 0               ;
; actual_state.DON  ; 0                 ; 0                 ; 0                 ; 0                ; 0               ; 1                ; 1               ;
; actual_state.MV   ; 0                 ; 0                 ; 0                 ; 0                ; 1               ; 0                ; 1               ;
; actual_state.MVI  ; 0                 ; 0                 ; 0                 ; 1                ; 0               ; 0                ; 1               ;
; actual_state.ALU0 ; 0                 ; 0                 ; 1                 ; 0                ; 0               ; 0                ; 1               ;
; actual_state.ALU1 ; 0                 ; 1                 ; 0                 ; 0                ; 0               ; 0                ; 1               ;
; actual_state.ALU2 ; 1                 ; 0                 ; 0                 ; 0                ; 0               ; 0                ; 1               ;
+-------------------+-------------------+-------------------+-------------------+------------------+-----------------+------------------+-----------------+


+-----------------------------------------------------------------------------------+
; Registers Removed During Synthesis                                                ;
+------------------------------------------+----------------------------------------+
; Register name                            ; Reason for Removal                     ;
+------------------------------------------+----------------------------------------+
; CPU:Proc|reg_n:reg_ir|Q[6..8]            ; Stuck at GND due to stuck port data_in ;
; CPU:Proc|ControlUnit:cu|actual_state.MV  ; Lost fanout                            ;
; CPU:Proc|ControlUnit:cu|actual_state.MVI ; Stuck at GND due to stuck port data_in ;
; Total Number of Removed Registers = 5    ;                                        ;
+------------------------------------------+----------------------------------------+


+------------------------------------------------------+
; General Register Statistics                          ;
+----------------------------------------------+-------+
; Statistic                                    ; Value ;
+----------------------------------------------+-------+
; Total registers                              ; 5     ;
; Number of registers using Synchronous Clear  ; 0     ;
; Number of registers using Synchronous Load   ; 0     ;
; Number of registers using Asynchronous Clear ; 5     ;
; Number of registers using Asynchronous Load  ; 0     ;
; Number of registers using Clock Enable       ; 0     ;
; Number of registers using Preset             ; 0     ;
+----------------------------------------------+-------+


+--------------------------------------------------------------------+
; Parameter Settings for User Entity Instance: CPU:Proc|reg_n:reg_ir ;
+----------------+-------+-------------------------------------------+
; Parameter Name ; Value ; Type                                      ;
+----------------+-------+-------------------------------------------+
; n              ; 9     ; Signed Integer                            ;
+----------------+-------+-------------------------------------------+
Note: In order to hide this table in the UI and the text report file, please set the "Show Parameter Settings in Synthesis Report" option in "Analysis and Synthesis Settings -> More Settings" to "Off".


+-------------------------------------------------------------------+
; Parameter Settings for User Entity Instance: CPU:Proc|reg_n:reg_0 ;
+----------------+-------+------------------------------------------+
; Parameter Name ; Value ; Type                                     ;
+----------------+-------+------------------------------------------+
; n              ; 16    ; Signed Integer                           ;
+----------------+-------+------------------------------------------+
Note: In order to hide this table in the UI and the text report file, please set the "Show Parameter Settings in Synthesis Report" option in "Analysis and Synthesis Settings -> More Settings" to "Off".


+-------------------------------------------------------------------+
; Parameter Settings for User Entity Instance: CPU:Proc|reg_n:reg_1 ;
+----------------+-------+------------------------------------------+
; Parameter Name ; Value ; Type                                     ;
+----------------+-------+------------------------------------------+
; n              ; 16    ; Signed Integer                           ;
+----------------+-------+------------------------------------------+
Note: In order to hide this table in the UI and the text report file, please set the "Show Parameter Settings in Synthesis Report" option in "Analysis and Synthesis Settings -> More Settings" to "Off".


+-------------------------------------------------------------------+
; Parameter Settings for User Entity Instance: CPU:Proc|reg_n:reg_2 ;
+----------------+-------+------------------------------------------+
; Parameter Name ; Value ; Type                                     ;
+----------------+-------+------------------------------------------+
; n              ; 16    ; Signed Integer                           ;
+----------------+-------+------------------------------------------+
Note: In order to hide this table in the UI and the text report file, please set the "Show Parameter Settings in Synthesis Report" option in "Analysis and Synthesis Settings -> More Settings" to "Off".


+-------------------------------------------------------------------+
; Parameter Settings for User Entity Instance: CPU:Proc|reg_n:reg_3 ;
+----------------+-------+------------------------------------------+
; Parameter Name ; Value ; Type                                     ;
+----------------+-------+------------------------------------------+
; n              ; 16    ; Signed Integer                           ;
+----------------+-------+------------------------------------------+
Note: In order to hide this table in the UI and the text report file, please set the "Show Parameter Settings in Synthesis Report" option in "Analysis and Synthesis Settings -> More Settings" to "Off".


+-------------------------------------------------------------------+
; Parameter Settings for User Entity Instance: CPU:Proc|reg_n:reg_4 ;
+----------------+-------+------------------------------------------+
; Parameter Name ; Value ; Type                                     ;
+----------------+-------+------------------------------------------+
; n              ; 16    ; Signed Integer                           ;
+----------------+-------+------------------------------------------+
Note: In order to hide this table in the UI and the text report file, please set the "Show Parameter Settings in Synthesis Report" option in "Analysis and Synthesis Settings -> More Settings" to "Off".


+-------------------------------------------------------------------+
; Parameter Settings for User Entity Instance: CPU:Proc|reg_n:reg_5 ;
+----------------+-------+------------------------------------------+
; Parameter Name ; Value ; Type                                     ;
+----------------+-------+------------------------------------------+
; n              ; 16    ; Signed Integer                           ;
+----------------+-------+------------------------------------------+
Note: In order to hide this table in the UI and the text report file, please set the "Show Parameter Settings in Synthesis Report" option in "Analysis and Synthesis Settings -> More Settings" to "Off".


+-------------------------------------------------------------------+
; Parameter Settings for User Entity Instance: CPU:Proc|reg_n:reg_6 ;
+----------------+-------+------------------------------------------+
; Parameter Name ; Value ; Type                                     ;
+----------------+-------+------------------------------------------+
; n              ; 16    ; Signed Integer                           ;
+----------------+-------+------------------------------------------+
Note: In order to hide this table in the UI and the text report file, please set the "Show Parameter Settings in Synthesis Report" option in "Analysis and Synthesis Settings -> More Settings" to "Off".


+-------------------------------------------------------------------+
; Parameter Settings for User Entity Instance: CPU:Proc|reg_n:reg_7 ;
+----------------+-------+------------------------------------------+
; Parameter Name ; Value ; Type                                     ;
+----------------+-------+------------------------------------------+
; n              ; 16    ; Signed Integer                           ;
+----------------+-------+------------------------------------------+
Note: In order to hide this table in the UI and the text report file, please set the "Show Parameter Settings in Synthesis Report" option in "Analysis and Synthesis Settings -> More Settings" to "Off".


+---------------------------------------------------------------+
; Parameter Settings for User Entity Instance: CPU:Proc|reg_n:A ;
+----------------+-------+--------------------------------------+
; Parameter Name ; Value ; Type                                 ;
+----------------+-------+--------------------------------------+
; n              ; 16    ; Signed Integer                       ;
+----------------+-------+--------------------------------------+
Note: In order to hide this table in the UI and the text report file, please set the "Show Parameter Settings in Synthesis Report" option in "Analysis and Synthesis Settings -> More Settings" to "Off".


+-----------------------------------------------------------------------------+
; Parameter Settings for User Entity Instance: CPU:Proc|add_sub:ALU|add_n:add ;
+----------------+-------+----------------------------------------------------+
; Parameter Name ; Value ; Type                                               ;
+----------------+-------+----------------------------------------------------+
; size           ; 16    ; Signed Integer                                     ;
+----------------+-------+----------------------------------------------------+
Note: In order to hide this table in the UI and the text report file, please set the "Show Parameter Settings in Synthesis Report" option in "Analysis and Synthesis Settings -> More Settings" to "Off".


+-----------------------------------------------------------------------------------------+
; Parameter Settings for User Entity Instance: CPU:Proc|add_sub:ALU|substractor_nbits:sub ;
+----------------+-------+----------------------------------------------------------------+
; Parameter Name ; Value ; Type                                                           ;
+----------------+-------+----------------------------------------------------------------+
; size           ; 16    ; Signed Integer                                                 ;
+----------------+-------+----------------------------------------------------------------+
Note: In order to hide this table in the UI and the text report file, please set the "Show Parameter Settings in Synthesis Report" option in "Analysis and Synthesis Settings -> More Settings" to "Off".


+---------------------------------------------------------------+
; Parameter Settings for User Entity Instance: CPU:Proc|reg_n:G ;
+----------------+-------+--------------------------------------+
; Parameter Name ; Value ; Type                                 ;
+----------------+-------+--------------------------------------+
; n              ; 16    ; Signed Integer                       ;
+----------------+-------+--------------------------------------+
Note: In order to hide this table in the UI and the text report file, please set the "Show Parameter Settings in Synthesis Report" option in "Analysis and Synthesis Settings -> More Settings" to "Off".


+----------------------------------------------+
; Port Connectivity Checks: "CPU:Proc|reg_n:G" ;
+--------+-------+----------+------------------+
; Port   ; Type  ; Severity ; Details          ;
+--------+-------+----------+------------------+
; resetn ; Input ; Info     ; Stuck at GND     ;
+--------+-------+----------+------------------+


+----------------------------------------------------------------------------------------------------------------+
; Port Connectivity Checks: "CPU:Proc|add_sub:ALU|substractor_nbits:sub"                                         ;
+------+--------+----------+-------------------------------------------------------------------------------------+
; Port ; Type   ; Severity ; Details                                                                             ;
+------+--------+----------+-------------------------------------------------------------------------------------+
; cin  ; Input  ; Info     ; Stuck at GND                                                                        ;
; cout ; Output ; Info     ; Connected to dangling logic. Logic that only feeds a dangling port will be removed. ;
+------+--------+----------+-------------------------------------------------------------------------------------+


+----------------------------------------------------------------------------------------------------------------+
; Port Connectivity Checks: "CPU:Proc|add_sub:ALU|add_n:add"                                                     ;
+------+--------+----------+-------------------------------------------------------------------------------------+
; Port ; Type   ; Severity ; Details                                                                             ;
+------+--------+----------+-------------------------------------------------------------------------------------+
; cin  ; Input  ; Info     ; Stuck at GND                                                                        ;
; cout ; Output ; Info     ; Connected to dangling logic. Logic that only feeds a dangling port will be removed. ;
+------+--------+----------+-------------------------------------------------------------------------------------+


+----------------------------------------------------------------------------------------------------------------+
; Port Connectivity Checks: "CPU:Proc|add_sub:ALU"                                                               ;
+------+--------+----------+-------------------------------------------------------------------------------------+
; Port ; Type   ; Severity ; Details                                                                             ;
+------+--------+----------+-------------------------------------------------------------------------------------+
; cout ; Output ; Info     ; Connected to dangling logic. Logic that only feeds a dangling port will be removed. ;
+------+--------+----------+-------------------------------------------------------------------------------------+


+----------------------------------------------+
; Port Connectivity Checks: "CPU:Proc|reg_n:A" ;
+--------+-------+----------+------------------+
; Port   ; Type  ; Severity ; Details          ;
+--------+-------+----------+------------------+
; resetn ; Input ; Info     ; Stuck at GND     ;
+--------+-------+----------+------------------+


+--------------------------------------------------+
; Port Connectivity Checks: "CPU:Proc|reg_n:reg_7" ;
+--------+-------+----------+----------------------+
; Port   ; Type  ; Severity ; Details              ;
+--------+-------+----------+----------------------+
; resetn ; Input ; Info     ; Stuck at GND         ;
+--------+-------+----------+----------------------+


+--------------------------------------------------+
; Port Connectivity Checks: "CPU:Proc|reg_n:reg_6" ;
+--------+-------+----------+----------------------+
; Port   ; Type  ; Severity ; Details              ;
+--------+-------+----------+----------------------+
; resetn ; Input ; Info     ; Stuck at GND         ;
+--------+-------+----------+----------------------+


+--------------------------------------------------+
; Port Connectivity Checks: "CPU:Proc|reg_n:reg_5" ;
+--------+-------+----------+----------------------+
; Port   ; Type  ; Severity ; Details              ;
+--------+-------+----------+----------------------+
; resetn ; Input ; Info     ; Stuck at GND         ;
+--------+-------+----------+----------------------+


+--------------------------------------------------+
; Port Connectivity Checks: "CPU:Proc|reg_n:reg_4" ;
+--------+-------+----------+----------------------+
; Port   ; Type  ; Severity ; Details              ;
+--------+-------+----------+----------------------+
; resetn ; Input ; Info     ; Stuck at GND         ;
+--------+-------+----------+----------------------+


+--------------------------------------------------+
; Port Connectivity Checks: "CPU:Proc|reg_n:reg_3" ;
+--------+-------+----------+----------------------+
; Port   ; Type  ; Severity ; Details              ;
+--------+-------+----------+----------------------+
; resetn ; Input ; Info     ; Stuck at GND         ;
+--------+-------+----------+----------------------+


+--------------------------------------------------+
; Port Connectivity Checks: "CPU:Proc|reg_n:reg_2" ;
+--------+-------+----------+----------------------+
; Port   ; Type  ; Severity ; Details              ;
+--------+-------+----------+----------------------+
; resetn ; Input ; Info     ; Stuck at GND         ;
+--------+-------+----------+----------------------+


+--------------------------------------------------+
; Port Connectivity Checks: "CPU:Proc|reg_n:reg_1" ;
+--------+-------+----------+----------------------+
; Port   ; Type  ; Severity ; Details              ;
+--------+-------+----------+----------------------+
; resetn ; Input ; Info     ; Stuck at GND         ;
+--------+-------+----------+----------------------+


+--------------------------------------------------+
; Port Connectivity Checks: "CPU:Proc|reg_n:reg_0" ;
+--------+-------+----------+----------------------+
; Port   ; Type  ; Severity ; Details              ;
+--------+-------+----------+----------------------+
; resetn ; Input ; Info     ; Stuck at GND         ;
+--------+-------+----------+----------------------+


+---------------------------------------------------+
; Port Connectivity Checks: "CPU:Proc|reg_n:reg_ir" ;
+--------+-------+----------+-----------------------+
; Port   ; Type  ; Severity ; Details               ;
+--------+-------+----------+-----------------------+
; resetn ; Input ; Info     ; Stuck at GND          ;
+--------+-------+----------+-----------------------+


+-------------------------------+
; Elapsed Time Per Partition    ;
+----------------+--------------+
; Partition Name ; Elapsed Time ;
+----------------+--------------+
; Top            ; 00:00:00     ;
+----------------+--------------+


+-------------------------------+
; Analysis & Synthesis Messages ;
+-------------------------------+
Info: *******************************************************************
Info: Running Quartus II 64-Bit Analysis & Synthesis
    Info: Version 13.0.1 Build 232 06/12/2013 Service Pack 1 SJ Web Edition
    Info: Processing started: Mon Apr  2 17:08:15 2018
Info: Command: quartus_map --read_settings_files=on --write_settings_files=off CPU -c CPU
Warning (20028): Parallel compilation is not licensed and has been disabled
Info (12021): Found 2 design units, including 1 entities, in source file ControlUnit.vhdl
    Info (12022): Found design unit 1: ControlUnit-behavior
    Info (12023): Found entity 1: ControlUnit
Info (12021): Found 2 design units, including 1 entities, in source file CPU.vhdl
    Info (12022): Found design unit 1: CPU-behavior
    Info (12023): Found entity 1: CPU
Info (12021): Found 2 design units, including 1 entities, in source file CPU_test.vhdl
    Info (12022): Found design unit 1: CPU_test-behavior
    Info (12023): Found entity 1: CPU_test
Info (12021): Found 2 design units, including 1 entities, in source file add_2v1.vhd
    Info (12022): Found design unit 1: add_2v1-behavior
    Info (12023): Found entity 1: add_2v1
Info (12021): Found 2 design units, including 1 entities, in source file add_n.vhd
    Info (12022): Found design unit 1: add_n-Behavior
    Info (12023): Found entity 1: add_n
Info (12021): Found 2 design units, including 1 entities, in source file substractor_2v1bit.vhd
    Info (12022): Found design unit 1: substractor_2v1bit-behavior
    Info (12023): Found entity 1: substractor_2v1bit
Info (12021): Found 2 design units, including 1 entities, in source file substractor_nbits.vhd
    Info (12022): Found design unit 1: substractor_nbits-behavior
    Info (12023): Found entity 1: substractor_nbits
Info (12021): Found 2 design units, including 1 entities, in source file add_sub.vhd
    Info (12022): Found design unit 1: add_sub-behavior
    Info (12023): Found entity 1: add_sub
Info (12021): Found 2 design units, including 1 entities, in source file reg_n.vhd
    Info (12022): Found design unit 1: reg_n-behavior
    Info (12023): Found entity 1: reg_n
Warning (12090): Entity "mux" obtained from "mux.vhd" instead of from Quartus II megafunction library
Info (12021): Found 2 design units, including 1 entities, in source file mux.vhd
    Info (12022): Found design unit 1: mux-behavior
    Info (12023): Found entity 1: mux
Warning (12019): Can't analyze file -- file mult.vhd is missing
Info (12127): Elaborating entity "CPU_test" for the top level hierarchy
Warning (10873): Using initial value X (don't care) for net "LEDR[16]" at CPU_test.vhdl(7)
Info (12128): Elaborating entity "CPU" for hierarchy "CPU:Proc"
Warning (10541): VHDL Signal Declaration warning at CPU.vhdl(7): used implicit default value for signal "bus_out" because signal was never assigned a value or an explicit default value. Use of implicit default value may introduce unintended design optimizations.
Warning (10036): Verilog HDL or VHDL warning at CPU.vhdl(41): object "cout" assigned a value but never read
Info (12128): Elaborating entity "reg_n" for hierarchy "CPU:Proc|reg_n:reg_ir"
Info (12128): Elaborating entity "ControlUnit" for hierarchy "CPU:Proc|ControlUnit:cu"
Warning (10631): VHDL Process Statement warning at ControlUnit.vhdl(32): inferring latch(es) for signal or variable "reg", which holds its previous value in one or more paths through the process
Warning (10631): VHDL Process Statement warning at ControlUnit.vhdl(32): inferring latch(es) for signal or variable "bus_sel", which holds its previous value in one or more paths through the process
Info (10041): Inferred latch for "bus_sel[0]" at ControlUnit.vhdl(32)
Info (10041): Inferred latch for "bus_sel[1]" at ControlUnit.vhdl(32)
Info (10041): Inferred latch for "bus_sel[2]" at ControlUnit.vhdl(32)
Info (10041): Inferred latch for "bus_sel[3]" at ControlUnit.vhdl(32)
Info (10041): Inferred latch for "reg[0]" at ControlUnit.vhdl(32)
Info (10041): Inferred latch for "reg[1]" at ControlUnit.vhdl(32)
Info (10041): Inferred latch for "reg[2]" at ControlUnit.vhdl(32)
Info (10041): Inferred latch for "reg[3]" at ControlUnit.vhdl(32)
Info (10041): Inferred latch for "reg[4]" at ControlUnit.vhdl(32)
Info (10041): Inferred latch for "reg[5]" at ControlUnit.vhdl(32)
Info (10041): Inferred latch for "reg[6]" at ControlUnit.vhdl(32)
Info (10041): Inferred latch for "reg[7]" at ControlUnit.vhdl(32)
Info (12128): Elaborating entity "reg_n" for hierarchy "CPU:Proc|reg_n:reg_0"
Info (12128): Elaborating entity "add_sub" for hierarchy "CPU:Proc|add_sub:ALU"
Warning (10541): VHDL Signal Declaration warning at add_sub.vhd(9): used implicit default value for signal "Cout" because signal was never assigned a value or an explicit default value. Use of implicit default value may introduce unintended design optimizations.
Warning (10036): Verilog HDL or VHDL warning at add_sub.vhd(37): object "Cadd" assigned a value but never read
Warning (10036): Verilog HDL or VHDL warning at add_sub.vhd(37): object "Csub" assigned a value but never read
Warning (10492): VHDL Process Statement warning at add_sub.vhd(47): signal "Sel" is read inside the Process Statement but isn't in the Process Statement's sensitivity list
Info (12128): Elaborating entity "add_n" for hierarchy "CPU:Proc|add_sub:ALU|add_n:add"
Info (12128): Elaborating entity "add_2v1" for hierarchy "CPU:Proc|add_sub:ALU|add_n:add|add_2v1:\adders:0:cas_0:ad_0"
Info (12128): Elaborating entity "substractor_nbits" for hierarchy "CPU:Proc|add_sub:ALU|substractor_nbits:sub"
Info (12128): Elaborating entity "substractor_2v1bit" for hierarchy "CPU:Proc|add_sub:ALU|substractor_nbits:sub|substractor_2v1bit:\sub_loop:15:sub"
Info (12128): Elaborating entity "mux" for hierarchy "CPU:Proc|mux:MUX1"
Warning (13024): Output pins are stuck at VCC or GND
    Warning (13410): Pin "LEDR[0]" is stuck at GND
    Warning (13410): Pin "LEDR[1]" is stuck at GND
    Warning (13410): Pin "LEDR[2]" is stuck at GND
    Warning (13410): Pin "LEDR[3]" is stuck at GND
    Warning (13410): Pin "LEDR[4]" is stuck at GND
    Warning (13410): Pin "LEDR[5]" is stuck at GND
    Warning (13410): Pin "LEDR[6]" is stuck at GND
    Warning (13410): Pin "LEDR[7]" is stuck at GND
    Warning (13410): Pin "LEDR[8]" is stuck at GND
    Warning (13410): Pin "LEDR[9]" is stuck at GND
    Warning (13410): Pin "LEDR[10]" is stuck at GND
    Warning (13410): Pin "LEDR[11]" is stuck at GND
    Warning (13410): Pin "LEDR[12]" is stuck at GND
    Warning (13410): Pin "LEDR[13]" is stuck at GND
    Warning (13410): Pin "LEDR[14]" is stuck at GND
    Warning (13410): Pin "LEDR[15]" is stuck at GND
    Warning (13410): Pin "LEDR[16]" is stuck at GND
Info (17049): 1 registers lost all their fanouts during netlist optimizations.
Info (16010): Generating hard_block partition "hard_block:auto_generated_inst"
    Info (16011): Adding 0 node(s), including 0 DDIO, 0 PLL, 0 transceiver and 0 LCELL
Warning (21074): Design contains 19 input pin(s) that do not drive logic
    Warning (15610): No output dependent on input pin "SW[0]"
    Warning (15610): No output dependent on input pin "SW[1]"
    Warning (15610): No output dependent on input pin "SW[2]"
    Warning (15610): No output dependent on input pin "SW[3]"
    Warning (15610): No output dependent on input pin "SW[4]"
    Warning (15610): No output dependent on input pin "SW[5]"
    Warning (15610): No output dependent on input pin "SW[6]"
    Warning (15610): No output dependent on input pin "SW[7]"
    Warning (15610): No output dependent on input pin "SW[8]"
    Warning (15610): No output dependent on input pin "SW[9]"
    Warning (15610): No output dependent on input pin "SW[10]"
    Warning (15610): No output dependent on input pin "SW[11]"
    Warning (15610): No output dependent on input pin "SW[12]"
    Warning (15610): No output dependent on input pin "SW[13]"
    Warning (15610): No output dependent on input pin "SW[14]"
    Warning (15610): No output dependent on input pin "SW[15]"
    Warning (15610): No output dependent on input pin "SW[16]"
    Warning (15610): No output dependent on input pin "KEY[2]"
    Warning (15610): No output dependent on input pin "KEY[3]"
Info (21057): Implemented 45 device resources after synthesis - the final resource count might be different
    Info (21058): Implemented 22 input pins
    Info (21059): Implemented 18 output pins
    Info (21061): Implemented 5 logic cells
Info: Quartus II 64-Bit Analysis & Synthesis was successful. 0 errors, 50 warnings
    Info: Peak virtual memory: 635 megabytes
    Info: Processing ended: Mon Apr  2 17:08:19 2018
    Info: Elapsed time: 00:00:04
    Info: Total CPU time (on all processors): 00:00:03


